#
# A fatal error has been detected by the Java Runtime Environment:
#
#  SIGSEGV (0xb) at pc=0x00007f6d039a1621, pid=11368, tid=11377
#
# JRE version: OpenJDK Runtime Environment (11.0.4+11) (build 11.0.4+11-post-Ubuntu-1ubuntu218.04.3)
# Java VM: OpenJDK 64-Bit Server VM (11.0.4+11-post-Ubuntu-1ubuntu218.04.3, mixed mode, sharing, tiered, compressed oops, g1 gc, linux-amd64)
# Problematic frame:
# V  [libjvm.so+0x641621]
#
# Core dump will be written. Default location: Core dumps may be processed with "/usr/share/apport/apport %p %s %c %d %P" (or dumping to /home/admin1/Desktop/CensusAnalyser/core.11368)
#
# If you would like to submit a bug report, please visit:
#   https://bugs.launchpad.net/ubuntu/+source/openjdk-lts
#

---------------  S U M M A R Y ------------

Command Line: -agentlib:jdwp=transport=dt_socket,address=127.0.0.1:44329,suspend=y,server=n -ea -Didea.test.cyclic.buffer.size=1048576 -javaagent:/home/admin1/idea-IC-191.7479.19/plugins/Groovy/lib/agent/gragent.jar -javaagent:/home/admin1/idea-IC-191.7479.19/lib/rt/debugger-agent.jar -Dfile.encoding=UTF-8 com.intellij.rt.execution.junit.JUnitStarter -ideVersion5 -junit4 censusanalyser.CensusAnalyserTest,givenIndianCensusCSVFileReturnsCorrectRecords

Host: Intel(R) Core(TM) i5-4310U CPU @ 2.00GHz, 4 cores, 7G, Ubuntu 18.04.1 LTS
Time: Tue Jan 14 16:36:08 2020 IST elapsed time: 316 seconds (0d 0h 5m 16s)

---------------  T H R E A D  ---------------

Current thread (0x00007f6cfc16f000):  VMThread "VM Thread" [stack: 0x00007f6ce404a000,0x00007f6ce414a000] [id=11377]

Stack: [0x00007f6ce404a000,0x00007f6ce414a000],  sp=0x00007f6ce41480b0,  free space=1016k
Native frames: (J=compiled Java code, A=aot compiled Java code, j=interpreted, Vv=VM code, C=native code)
V  [libjvm.so+0x641621]
V  [libjvm.so+0x7b8bc0]
V  [libjvm.so+0x7ba736]
V  [libjvm.so+0x7bc03e]
V  [libjvm.so+0x7beabd]
V  [libjvm.so+0x7bee69]
V  [libjvm.so+0xbac64a]
V  [libjvm.so+0xbacbcb]
V  [libjvm.so+0xb3a9f6]
V  [libjvm.so+0x9d053c]
V  [libjvm.so+0xdeeda8]
V  [libjvm.so+0xdec5e6]
V  [libjvm.so+0xdecaf0]
V  [libjvm.so+0xdecf23]
V  [libjvm.so+0xd7aeea]
V  [libjvm.so+0xbc4a5e]


siginfo: si_signo: 11 (SIGSEGV), si_code: 2 (SEGV_ACCERR), si_addr: 0x00007f6cd5e37830

Register to memory mapping:

RAX=0x00007f6cd5e37830 is an unknown value
RBX=0x00007f6ce4148830 points into unknown readable memory: 80 af 63 04 6d 7f 00 00
RCX=0x000000000000ca0d is an unknown value
RDX=0x0 is NULL
RSP=0x00007f6ce41480b0 points into unknown readable memory: 50 85 14 e4 6c 7f 00 00
RBP=0x00007f6ce41480b0 points into unknown readable memory: 50 85 14 e4 6c 7f 00 00
RSI=0x00000000001941a0 is an unknown value
RDI=0x00007f6cd5ca21f0 is pointing into metadata
R8 =0x0000000000000082 is an unknown value
R9 =0x00007f6cac117254 points into unknown readable memory: 00 00 00 47
R10=0x00007f6cac116e90 points into unknown readable memory: 00 00 00 47 01 00 00 47
R11=
[error occurred during error reporting (printing register info), id 0xb, SIGSEGV (0xb) at pc=0x00007f6d03a887b0]

Registers:
RAX=0x00007f6cd5e37830, RBX=0x00007f6ce4148830, RCX=0x000000000000ca0d, RDX=0x0000000000000000
RSP=0x00007f6ce41480b0, RBP=0x00007f6ce41480b0, RSI=0x00000000001941a0, RDI=0x00007f6cd5ca21f0
R8 =0x0000000000000082, R9 =0x00007f6cac117254, R10=0x00007f6cac116e90, R11=0x00000000cfffff00
R12=0x00007f6ce41480d0, R13=0x00007f6ce41480e0, R14=0x0000000000000000, R15=0x0000000000000082
RIP=0x00007f6d039a1621, EFLAGS=0x0000000000010206, CSGSFS=0x002b000000000033, ERR=0x0000000000000004
  TRAPNO=0x000000000000000e

Top of Stack: (sp=0x00007f6ce41480b0)
0x00007f6ce41480b0:   00007f6ce4148550 00007f6d03b18bc0
0x00007f6ce41480c0:   00007f6ce41480f0 00007f6ce4148100
0x00007f6ce41480d0:   000000004600007d 00007f6d03b18d19
0x00007f6ce41480e0:   00007f6d046375c0 00007f6cfc3f2ec0 

Instructions: (pc=0x00007f6d039a1621)
0x00007f6d039a1521:   48 8b 17 48 89 e5 48 8b 52 10 48 85 d2 74 20 89
0x00007f6d039a1531:   f1 48 89 f8 c1 f9 1f 31 ce 48 63 f6 5d 48 c1 e6
0x00007f6d039a1541:   05 48 8d 7c 32 28 48 89 c6 e9 41 e3 00 00 90 31
0x00007f6d039a1551:   c0 5d c3 66 90 66 2e 0f 1f 84 00 00 00 00 00 55
0x00007f6d039a1561:   84 d2 48 89 e5 75 38 48 8b 47 10 48 85 c0 74 2f
0x00007f6d039a1571:   85 f6 78 5b 48 63 f6 48 c1 e6 05 48 8d 44 30 28
0x00007f6d039a1581:   48 8b 30 0f b7 f6 0f b7 44 f7 42 5d 0f b7 44 c7
0x00007f6d039a1591:   40 48 8b 44 c7 40 c3 0f 1f 84 00 00 00 00 00 48
0x00007f6d039a15a1:   8b 47 08 48 63 f6 0f b6 44 30 04 3c 12 74 d7 48
0x00007f6d039a15b1:   8b 47 08 0f b6 44 30 04 3c 11 74 ca 48 8b 47 08
0x00007f6d039a15c1:   0f b6 44 30 04 eb bf 0f 1f 84 00 00 00 00 00 f7
0x00007f6d039a15d1:   d6 48 63 f6 48 c1 e6 05 48 8d 44 30 28 5d 48 8b
0x00007f6d039a15e1:   00 0f b7 c0 0f b7 44 c7 42 0f b7 44 c7 40 48 8b
0x00007f6d039a15f1:   44 c7 40 c3 90 66 2e 0f 1f 84 00 00 00 00 00 55
0x00007f6d039a1601:   84 d2 48 89 e5 75 38 48 8b 47 10 48 85 c0 74 2f
0x00007f6d039a1611:   85 f6 78 5b 48 63 f6 48 c1 e6 05 48 8d 44 30 28
0x00007f6d039a1621:   48 8b 30 0f b7 f6 0f b7 44 f7 42 5d 0f b7 44 c7
0x00007f6d039a1631:   42 48 8b 44 c7 40 c3 0f 1f 84 00 00 00 00 00 48
0x00007f6d039a1641:   8b 47 08 48 63 f6 0f b6 44 30 04 3c 12 74 d7 48
0x00007f6d039a1651:   8b 47 08 0f b6 44 30 04 3c 11 74 ca 48 8b 47 08
0x00007f6d039a1661:   0f b6 44 30 04 eb bf 0f 1f 84 00 00 00 00 00 f7
0x00007f6d039a1671:   d6 48 63 f6 48 c1 e6 05 48 8d 44 30 28 5d 48 8b
0x00007f6d039a1681:   00 0f b7 c0 0f b7 44 c7 42 0f b7 44 c7 42 48 8b
0x00007f6d039a1691:   44 c7 40 c3 90 66 2e 0f 1f 84 00 00 00 00 00 55
0x00007f6d039a16a1:   84 d2 48 89 e5 75 28 48 8b 47 10 48 85 c0 74 1f
0x00007f6d039a16b1:   85 f6 78 4b 48 63 f6 48 c1 e6 05 48 8d 44 30 28
0x00007f6d039a16c1:   48 8b 30 0f b7 f6 0f b7 44 f7 42 5d c3 66 90 48
0x00007f6d039a16d1:   8b 47 08 48 63 f6 0f b6 44 30 04 3c 12 74 e7 48
0x00007f6d039a16e1:   8b 47 08 0f b6 44 30 04 3c 11 74 da 48 8b 47 08
0x00007f6d039a16f1:   0f b6 44 30 04 0f b7 44 f7 42 eb cf 0f 1f 00 f7
0x00007f6d039a1701:   d6 48 63 f6 48 c1 e6 05 48 8d 44 30 28 5d 48 8b
0x00007f6d039a1711:   00 0f b7 c0 0f b7 44 c7 42 c3 90 0f 1f 40 00 55 


Stack slot to memory mapping:
stack at sp + 0 slots: 0x00007f6ce4148550 points into unknown readable memory: d0 85 14 e4 6c 7f 00 00
stack at sp + 1 slots: 0x00007f6d03b18bc0: <offset 0x00000000007b8bc0> in /usr/lib/jvm/java-11-openjdk-amd64/lib/server/libjvm.so at 0x00007f6d03360000
stack at sp + 2 slots: 0x00007f6ce41480f0 points into unknown readable memory: 1f 00 00 00 00 00 00 00
stack at sp + 3 slots: 0x00007f6ce4148100 points into unknown readable memory: 10 81 14 e4 6c 7f 00 00
stack at sp + 4 slots: 0x000000004600007d is an unknown value
stack at sp + 5 slots: 0x00007f6d03b18d19: <offset 0x00000000007b8d19> in /usr/lib/jvm/java-11-openjdk-amd64/lib/server/libjvm.so at 0x00007f6d03360000
stack at sp + 6 slots: 0x00007f6d046375c0: <offset 0x00000000012d75c0> in /usr/lib/jvm/java-11-openjdk-amd64/lib/server/libjvm.so at 0x00007f6d03360000
stack at sp + 7 slots: 0x00007f6cfc3f2ec0 points into unknown readable memory: 3c 00 07 00 a4 fe 28 4c

VM_Operation (0x00007f6cd47248a0): GetOrSetLocal, mode: safepoint, requested by thread 0x00007f6cfc1d6800


---------------  P R O C E S S  ---------------

Threads class SMR info:
_java_thread_list=0x00007f6c7c0101d0, length=12, elements={
0x00007f6cfc014800, 0x00007f6cfc171800, 0x00007f6cfc173800, 0x00007f6cfc179000,
0x00007f6cfc17b800, 0x00007f6cfc17d800, 0x00007f6cfc17f800, 0x00007f6cfc195000,
0x00007f6cfc1d6800, 0x00007f6cfc1da800, 0x00007f6ca8001800, 0x00007f6cfc2c2000
}

Java Threads: ( => current thread )
  0x00007f6cfc014800 JavaThread "main" [_thread_blocked, id=11369, stack(0x00007f6d054c8000,0x00007f6d055c9000)]
  0x00007f6cfc171800 JavaThread "Reference Handler" daemon [_thread_blocked, id=11378, stack(0x00007f6cdc18f000,0x00007f6cdc290000)]
  0x00007f6cfc173800 JavaThread "Finalizer" daemon [_thread_blocked, id=11380, stack(0x00007f6cdc08e000,0x00007f6cdc18f000)]
  0x00007f6cfc179000 JavaThread "Signal Dispatcher" daemon [_thread_blocked, id=11385, stack(0x00007f6cd4d30000,0x00007f6cd4e31000)]
  0x00007f6cfc17b800 JavaThread "C2 CompilerThread0" daemon [_thread_blocked, id=11386, stack(0x00007f6cd4c2f000,0x00007f6cd4d30000)]
  0x00007f6cfc17d800 JavaThread "C1 CompilerThread0" daemon [_thread_blocked, id=11387, stack(0x00007f6cd4b2e000,0x00007f6cd4c2f000)]
  0x00007f6cfc17f800 JavaThread "Sweeper thread" daemon [_thread_blocked, id=11388, stack(0x00007f6cd4a2d000,0x00007f6cd4b2e000)]
  0x00007f6cfc195000 JavaThread "Common-Cleaner" daemon [_thread_blocked, id=11390, stack(0x00007f6cd492c000,0x00007f6cd4a2d000)]
  0x00007f6cfc1d6800 JavaThread "JDWP Transport Listener: dt_socket" daemon [_thread_blocked, id=11393, stack(0x00007f6cd4625000,0x00007f6cd4726000)] _threads_hazard_ptr=0x00007f6c7c0101d0
  0x00007f6cfc1da800 JavaThread "JDWP Event Helper Thread" daemon [_thread_blocked, id=11395, stack(0x00007f6cd4524000,0x00007f6cd4625000)]
  0x00007f6ca8001800 JavaThread "JDWP Command Reader" daemon [_thread_in_native, id=11396, stack(0x00007f6cd4423000,0x00007f6cd4524000)]
  0x00007f6cfc2c2000 JavaThread "Service Thread" daemon [_thread_blocked, id=11398, stack(0x00007f6cd4111000,0x00007f6cd4212000)]

Other Threads:
=>0x00007f6cfc16f000 VMThread "VM Thread" [stack: 0x00007f6ce404a000,0x00007f6ce414a000] [id=11377]
  0x00007f6cfc2c8000 WatcherThread [stack: 0x00007f6cd4011000,0x00007f6cd4111000] [id=11399]
  0x00007f6cfc02b000 GCTaskThread "GC Thread#0" [stack: 0x00007f6d01072000,0x00007f6d01172000] [id=11370]
  0x00007f6cc8002000 GCTaskThread "GC Thread#1" [stack: 0x00007f6c9b7e4000,0x00007f6c9b8e4000] [id=11417]
  0x00007f6cc8003800 GCTaskThread "GC Thread#2" [stack: 0x00007f6c9b6e2000,0x00007f6c9b7e2000] [id=11418]
  0x00007f6cc8005000 GCTaskThread "GC Thread#3" [stack: 0x00007f6c9b5e0000,0x00007f6c9b6e0000] [id=11419]
  0x00007f6cfc05b800 ConcurrentGCThread "G1 Main Marker" [stack: 0x00007f6ce4856000,0x00007f6ce4956000] [id=11371]
  0x00007f6cfc05d800 ConcurrentGCThread "G1 Conc#0" [stack: 0x00007f6ce4754000,0x00007f6ce4854000] [id=11372]
  0x00007f6cfc0d5800 ConcurrentGCThread "G1 Refine#0" [stack: 0x00007f6ce424e000,0x00007f6ce434e000] [id=11373]
  0x00007f6cfc0d7800 ConcurrentGCThread "G1 Young RemSet Sampling" [stack: 0x00007f6ce414c000,0x00007f6ce424c000] [id=11374]

Threads with active compile tasks:

VM state:at safepoint (normal execution)

VM Mutex/Monitor currently owned by a thread:  ([mutex/lock_event])
[0x00007f6cfc010a80] Threads_lock - owner thread: 0x00007f6cfc16f000

Heap address: 0x0000000085200000, size: 1966 MB, Compressed Oops mode: 32-bit
Narrow klass base: 0x0000000800000000, Narrow klass shift: 3
Compressed class space size: 1073741824 Address: 0x0000000840000000

Heap:
 garbage-first heap   total 129024K, used 53292K [0x0000000085200000, 0x0000000100000000)
  region size 1024K, 53 young (54272K), 2 survivors (2048K)
 Metaspace       used 4112K, capacity 6248K, committed 6400K, reserved 1056768K
  class space    used 465K, capacity 650K, committed 768K, reserved 1048576K
Heap Regions: E=young(eden), S=young(survivor), O=old, HS=humongous(starts), HC=humongous(continues), CS=collection set, F=free, A=archive, TAMS=top-at-mark-start (previous, next)
|   0|0x0000000085200000, 0x0000000085200000, 0x0000000085300000|  0%| F|  |TAMS 0x0000000085200000, 0x0000000085200000| Untracked 
|   1|0x0000000085300000, 0x0000000085300000, 0x0000000085400000|  0%| F|  |TAMS 0x0000000085300000, 0x0000000085300000| Untracked 
|   2|0x0000000085400000, 0x0000000085400000, 0x0000000085500000|  0%| F|  |TAMS 0x0000000085400000, 0x0000000085400000| Untracked 
|   3|0x0000000085500000, 0x0000000085500000, 0x0000000085600000|  0%| F|  |TAMS 0x0000000085500000, 0x0000000085500000| Untracked 
|   4|0x0000000085600000, 0x0000000085600000, 0x0000000085700000|  0%| F|  |TAMS 0x0000000085600000, 0x0000000085600000| Untracked 
|   5|0x0000000085700000, 0x0000000085700000, 0x0000000085800000|  0%| F|  |TAMS 0x0000000085700000, 0x0000000085700000| Untracked 
|   6|0x0000000085800000, 0x0000000085800000, 0x0000000085900000|  0%| F|  |TAMS 0x0000000085800000, 0x0000000085800000| Untracked 
|   7|0x0000000085900000, 0x0000000085900000, 0x0000000085a00000|  0%| F|  |TAMS 0x0000000085900000, 0x0000000085900000| Untracked 
|   8|0x0000000085a00000, 0x0000000085a00000, 0x0000000085b00000|  0%| F|  |TAMS 0x0000000085a00000, 0x0000000085a00000| Untracked 
|   9|0x0000000085b00000, 0x0000000085b00000, 0x0000000085c00000|  0%| F|  |TAMS 0x0000000085b00000, 0x0000000085b00000| Untracked 
|  10|0x0000000085c00000, 0x0000000085c00000, 0x0000000085d00000|  0%| F|  |TAMS 0x0000000085c00000, 0x0000000085c00000| Untracked 
|  11|0x0000000085d00000, 0x0000000085d00000, 0x0000000085e00000|  0%| F|  |TAMS 0x0000000085d00000, 0x0000000085d00000| Untracked 
|  12|0x0000000085e00000, 0x0000000085e00000, 0x0000000085f00000|  0%| F|  |TAMS 0x0000000085e00000, 0x0000000085e00000| Untracked 
|  13|0x0000000085f00000, 0x0000000085f00000, 0x0000000086000000|  0%| F|  |TAMS 0x0000000085f00000, 0x0000000085f00000| Untracked 
|  14|0x0000000086000000, 0x0000000086000000, 0x0000000086100000|  0%| F|  |TAMS 0x0000000086000000, 0x0000000086000000| Untracked 
|  15|0x0000000086100000, 0x0000000086100000, 0x0000000086200000|  0%| F|  |TAMS 0x0000000086100000, 0x0000000086100000| Untracked 
|  16|0x0000000086200000, 0x0000000086200000, 0x0000000086300000|  0%| F|  |TAMS 0x0000000086200000, 0x0000000086200000| Untracked 
|  17|0x0000000086300000, 0x0000000086300000, 0x0000000086400000|  0%| F|  |TAMS 0x0000000086300000, 0x0000000086300000| Untracked 
|  18|0x0000000086400000, 0x0000000086400000, 0x0000000086500000|  0%| F|  |TAMS 0x0000000086400000, 0x0000000086400000| Untracked 
|  19|0x0000000086500000, 0x0000000086500000, 0x0000000086600000|  0%| F|  |TAMS 0x0000000086500000, 0x0000000086500000| Untracked 
|  20|0x0000000086600000, 0x0000000086600000, 0x0000000086700000|  0%| F|  |TAMS 0x0000000086600000, 0x0000000086600000| Untracked 
|  21|0x0000000086700000, 0x0000000086700000, 0x0000000086800000|  0%| F|  |TAMS 0x0000000086700000, 0x0000000086700000| Untracked 
|  22|0x0000000086800000, 0x0000000086800000, 0x0000000086900000|  0%| F|  |TAMS 0x0000000086800000, 0x0000000086800000| Untracked 
|  23|0x0000000086900000, 0x0000000086900000, 0x0000000086a00000|  0%| F|  |TAMS 0x0000000086900000, 0x0000000086900000| Untracked 
|  24|0x0000000086a00000, 0x0000000086a00000, 0x0000000086b00000|  0%| F|  |TAMS 0x0000000086a00000, 0x0000000086a00000| Untracked 
|  25|0x0000000086b00000, 0x0000000086b00000, 0x0000000086c00000|  0%| F|  |TAMS 0x0000000086b00000, 0x0000000086b00000| Untracked 
|  26|0x0000000086c00000, 0x0000000086c00000, 0x0000000086d00000|  0%| F|  |TAMS 0x0000000086c00000, 0x0000000086c00000| Untracked 
|  27|0x0000000086d00000, 0x0000000086d00000, 0x0000000086e00000|  0%| F|  |TAMS 0x0000000086d00000, 0x0000000086d00000| Untracked 
|  28|0x0000000086e00000, 0x0000000086e00000, 0x0000000086f00000|  0%| F|  |TAMS 0x0000000086e00000, 0x0000000086e00000| Untracked 
|  29|0x0000000086f00000, 0x0000000086f00000, 0x0000000087000000|  0%| F|  |TAMS 0x0000000086f00000, 0x0000000086f00000| Untracked 
|  30|0x0000000087000000, 0x0000000087000000, 0x0000000087100000|  0%| F|  |TAMS 0x0000000087000000, 0x0000000087000000| Untracked 
|  31|0x0000000087100000, 0x0000000087100000, 0x0000000087200000|  0%| F|  |TAMS 0x0000000087100000, 0x0000000087100000| Untracked 
|  32|0x0000000087200000, 0x0000000087200000, 0x0000000087300000|  0%| F|  |TAMS 0x0000000087200000, 0x0000000087200000| Untracked 
|  33|0x0000000087300000, 0x0000000087300000, 0x0000000087400000|  0%| F|  |TAMS 0x0000000087300000, 0x0000000087300000| Untracked 
|  34|0x0000000087400000, 0x0000000087400000, 0x0000000087500000|  0%| F|  |TAMS 0x0000000087400000, 0x0000000087400000| Untracked 
|  35|0x0000000087500000, 0x0000000087500000, 0x0000000087600000|  0%| F|  |TAMS 0x0000000087500000, 0x0000000087500000| Untracked 
|  36|0x0000000087600000, 0x0000000087600000, 0x0000000087700000|  0%| F|  |TAMS 0x0000000087600000, 0x0000000087600000| Untracked 
|  37|0x0000000087700000, 0x0000000087700000, 0x0000000087800000|  0%| F|  |TAMS 0x0000000087700000, 0x0000000087700000| Untracked 
|  38|0x0000000087800000, 0x0000000087800000, 0x0000000087900000|  0%| F|  |TAMS 0x0000000087800000, 0x0000000087800000| Untracked 
|  39|0x0000000087900000, 0x0000000087900000, 0x0000000087a00000|  0%| F|  |TAMS 0x0000000087900000, 0x0000000087900000| Untracked 
|  40|0x0000000087a00000, 0x0000000087a00000, 0x0000000087b00000|  0%| F|  |TAMS 0x0000000087a00000, 0x0000000087a00000| Untracked 
|  41|0x0000000087b00000, 0x0000000087b00000, 0x0000000087c00000|  0%| F|  |TAMS 0x0000000087b00000, 0x0000000087b00000| Untracked 
|  42|0x0000000087c00000, 0x0000000087c00000, 0x0000000087d00000|  0%| F|  |TAMS 0x0000000087c00000, 0x0000000087c00000| Untracked 
|  43|0x0000000087d00000, 0x0000000087d00000, 0x0000000087e00000|  0%| F|  |TAMS 0x0000000087d00000, 0x0000000087d00000| Untracked 
|  44|0x0000000087e00000, 0x0000000087e00000, 0x0000000087f00000|  0%| F|  |TAMS 0x0000000087e00000, 0x0000000087e00000| Untracked 
|  45|0x0000000087f00000, 0x0000000087f00000, 0x0000000088000000|  0%| F|  |TAMS 0x0000000087f00000, 0x0000000087f00000| Untracked 
|  46|0x0000000088000000, 0x0000000088000000, 0x0000000088100000|  0%| F|  |TAMS 0x0000000088000000, 0x0000000088000000| Untracked 
|  47|0x0000000088100000, 0x0000000088100000, 0x0000000088200000|  0%| F|  |TAMS 0x0000000088100000, 0x0000000088100000| Untracked 
|  48|0x0000000088200000, 0x0000000088200000, 0x0000000088300000|  0%| F|  |TAMS 0x0000000088200000, 0x0000000088200000| Untracked 
|  49|0x0000000088300000, 0x0000000088300000, 0x0000000088400000|  0%| F|  |TAMS 0x0000000088300000, 0x0000000088300000| Untracked 
|  50|0x0000000088400000, 0x0000000088400000, 0x0000000088500000|  0%| F|  |TAMS 0x0000000088400000, 0x0000000088400000| Untracked 
|  51|0x0000000088500000, 0x0000000088500000, 0x0000000088600000|  0%| F|  |TAMS 0x0000000088500000, 0x0000000088500000| Untracked 
|  52|0x0000000088600000, 0x0000000088600000, 0x0000000088700000|  0%| F|  |TAMS 0x0000000088600000, 0x0000000088600000| Untracked 
|  53|0x0000000088700000, 0x0000000088700000, 0x0000000088800000|  0%| F|  |TAMS 0x0000000088700000, 0x0000000088700000| Untracked 
|  54|0x0000000088800000, 0x0000000088800000, 0x0000000088900000|  0%| F|  |TAMS 0x0000000088800000, 0x0000000088800000| Untracked 
|  55|0x0000000088900000, 0x0000000088900000, 0x0000000088a00000|  0%| F|  |TAMS 0x0000000088900000, 0x0000000088900000| Untracked 
|  56|0x0000000088a00000, 0x0000000088a00000, 0x0000000088b00000|  0%| F|  |TAMS 0x0000000088a00000, 0x0000000088a00000| Untracked 
|  57|0x0000000088b00000, 0x0000000088b00000, 0x0000000088c00000|  0%| F|  |TAMS 0x0000000088b00000, 0x0000000088b00000| Untracked 
|  58|0x0000000088c00000, 0x0000000088c00000, 0x0000000088d00000|  0%| F|  |TAMS 0x0000000088c00000, 0x0000000088c00000| Untracked 
|  59|0x0000000088d00000, 0x0000000088d00000, 0x0000000088e00000|  0%| F|  |TAMS 0x0000000088d00000, 0x0000000088d00000| Untracked 
|  60|0x0000000088e00000, 0x0000000088e00000, 0x0000000088f00000|  0%| F|  |TAMS 0x0000000088e00000, 0x0000000088e00000| Untracked 
|  61|0x0000000088f00000, 0x0000000088f00000, 0x0000000089000000|  0%| F|  |TAMS 0x0000000088f00000, 0x0000000088f00000| Untracked 
|  62|0x0000000089000000, 0x0000000089000000, 0x0000000089100000|  0%| F|  |TAMS 0x0000000089000000, 0x0000000089000000| Untracked 
|  63|0x0000000089100000, 0x0000000089100000, 0x0000000089200000|  0%| F|  |TAMS 0x0000000089100000, 0x0000000089100000| Untracked 
|  64|0x0000000089200000, 0x0000000089200000, 0x0000000089300000|  0%| F|  |TAMS 0x0000000089200000, 0x0000000089200000| Untracked 
|  65|0x0000000089300000, 0x0000000089300000, 0x0000000089400000|  0%| F|  |TAMS 0x0000000089300000, 0x0000000089300000| Untracked 
|  66|0x0000000089400000, 0x0000000089400000, 0x0000000089500000|  0%| F|  |TAMS 0x0000000089400000, 0x0000000089400000| Untracked 
|  67|0x0000000089500000, 0x0000000089500000, 0x0000000089600000|  0%| F|  |TAMS 0x0000000089500000, 0x0000000089500000| Untracked 
|  68|0x0000000089600000, 0x0000000089600000, 0x0000000089700000|  0%| F|  |TAMS 0x0000000089600000, 0x0000000089600000| Untracked 
|  69|0x0000000089700000, 0x0000000089700000, 0x0000000089800000|  0%| F|  |TAMS 0x0000000089700000, 0x0000000089700000| Untracked 
|  70|0x0000000089800000, 0x0000000089800000, 0x0000000089900000|  0%| F|  |TAMS 0x0000000089800000, 0x0000000089800000| Untracked 
|  71|0x0000000089900000, 0x0000000089980800, 0x0000000089a00000| 50%| E|  |TAMS 0x0000000089900000, 0x0000000089900000| Complete 
|  72|0x0000000089a00000, 0x0000000089b00000, 0x0000000089b00000|100%| E|CS|TAMS 0x0000000089a00000, 0x0000000089a00000| Complete 
|  73|0x0000000089b00000, 0x0000000089c00000, 0x0000000089c00000|100%| E|CS|TAMS 0x0000000089b00000, 0x0000000089b00000| Complete 
|  74|0x0000000089c00000, 0x0000000089d00000, 0x0000000089d00000|100%| E|CS|TAMS 0x0000000089c00000, 0x0000000089c00000| Complete 
|  75|0x0000000089d00000, 0x0000000089e00000, 0x0000000089e00000|100%| E|CS|TAMS 0x0000000089d00000, 0x0000000089d00000| Complete 
|  76|0x0000000089e00000, 0x0000000089f00000, 0x0000000089f00000|100%| E|CS|TAMS 0x0000000089e00000, 0x0000000089e00000| Complete 
|  77|0x0000000089f00000, 0x000000008a000000, 0x000000008a000000|100%| E|CS|TAMS 0x0000000089f00000, 0x0000000089f00000| Complete 
|  78|0x000000008a000000, 0x000000008a100000, 0x000000008a100000|100%| E|CS|TAMS 0x000000008a000000, 0x000000008a000000| Complete 
|  79|0x000000008a100000, 0x000000008a200000, 0x000000008a200000|100%| E|CS|TAMS 0x000000008a100000, 0x000000008a100000| Complete 
|  80|0x000000008a200000, 0x000000008a300000, 0x000000008a300000|100%| E|CS|TAMS 0x000000008a200000, 0x000000008a200000| Complete 
|  81|0x000000008a300000, 0x000000008a400000, 0x000000008a400000|100%| E|CS|TAMS 0x000000008a300000, 0x000000008a300000| Complete 
|  82|0x000000008a400000, 0x000000008a500000, 0x000000008a500000|100%| E|CS|TAMS 0x000000008a400000, 0x000000008a400000| Complete 
|  83|0x000000008a500000, 0x000000008a600000, 0x000000008a600000|100%| E|CS|TAMS 0x000000008a500000, 0x000000008a500000| Complete 
|  84|0x000000008a600000, 0x000000008a700000, 0x000000008a700000|100%| E|CS|TAMS 0x000000008a600000, 0x000000008a600000| Complete 
|  85|0x000000008a700000, 0x000000008a800000, 0x000000008a800000|100%| E|CS|TAMS 0x000000008a700000, 0x000000008a700000| Complete 
|  86|0x000000008a800000, 0x000000008a900000, 0x000000008a900000|100%| E|CS|TAMS 0x000000008a800000, 0x000000008a800000| Complete 
|  87|0x000000008a900000, 0x000000008aa00000, 0x000000008aa00000|100%| E|CS|TAMS 0x000000008a900000, 0x000000008a900000| Complete 
|  88|0x000000008aa00000, 0x000000008ab00000, 0x000000008ab00000|100%| E|CS|TAMS 0x000000008aa00000, 0x000000008aa00000| Complete 
|  89|0x000000008ab00000, 0x000000008ac00000, 0x000000008ac00000|100%| E|CS|TAMS 0x000000008ab00000, 0x000000008ab00000| Complete 
|  90|0x000000008ac00000, 0x000000008ad00000, 0x000000008ad00000|100%| E|CS|TAMS 0x000000008ac00000, 0x000000008ac00000| Complete 
|  91|0x000000008ad00000, 0x000000008ae00000, 0x000000008ae00000|100%| E|CS|TAMS 0x000000008ad00000, 0x000000008ad00000| Complete 
|  92|0x000000008ae00000, 0x000000008af00000, 0x000000008af00000|100%| E|CS|TAMS 0x000000008ae00000, 0x000000008ae00000| Complete 
|  93|0x000000008af00000, 0x000000008b000000, 0x000000008b000000|100%| E|CS|TAMS 0x000000008af00000, 0x000000008af00000| Complete 
|  94|0x000000008b000000, 0x000000008b100000, 0x000000008b100000|100%| E|CS|TAMS 0x000000008b000000, 0x000000008b000000| Complete 
|  95|0x000000008b100000, 0x000000008b200000, 0x000000008b200000|100%| E|CS|TAMS 0x000000008b100000, 0x000000008b100000| Complete 
|  96|0x000000008b200000, 0x000000008b300000, 0x000000008b300000|100%| E|CS|TAMS 0x000000008b200000, 0x000000008b200000| Complete 
|  97|0x000000008b300000, 0x000000008b400000, 0x000000008b400000|100%| E|CS|TAMS 0x000000008b300000, 0x000000008b300000| Complete 
|  98|0x000000008b400000, 0x000000008b500000, 0x000000008b500000|100%| E|CS|TAMS 0x000000008b400000, 0x000000008b400000| Complete 
|  99|0x000000008b500000, 0x000000008b600000, 0x000000008b600000|100%| E|CS|TAMS 0x000000008b500000, 0x000000008b500000| Complete 
| 100|0x000000008b600000, 0x000000008b700000, 0x000000008b700000|100%| E|CS|TAMS 0x000000008b600000, 0x000000008b600000| Complete 
| 101|0x000000008b700000, 0x000000008b800000, 0x000000008b800000|100%| E|CS|TAMS 0x000000008b700000, 0x000000008b700000| Complete 
| 102|0x000000008b800000, 0x000000008b900000, 0x000000008b900000|100%| E|CS|TAMS 0x000000008b800000, 0x000000008b800000| Complete 
| 103|0x000000008b900000, 0x000000008ba00000, 0x000000008ba00000|100%| E|CS|TAMS 0x000000008b900000, 0x000000008b900000| Complete 
| 104|0x000000008ba00000, 0x000000008bb00000, 0x000000008bb00000|100%| E|CS|TAMS 0x000000008ba00000, 0x000000008ba00000| Complete 
| 105|0x000000008bb00000, 0x000000008bc00000, 0x000000008bc00000|100%| E|CS|TAMS 0x000000008bb00000, 0x000000008bb00000| Complete 
| 106|0x000000008bc00000, 0x000000008bd00000, 0x000000008bd00000|100%| E|CS|TAMS 0x000000008bc00000, 0x000000008bc00000| Complete 
| 107|0x000000008bd00000, 0x000000008be00000, 0x000000008be00000|100%| E|CS|TAMS 0x000000008bd00000, 0x000000008bd00000| Complete 
| 108|0x000000008be00000, 0x000000008be6d3e0, 0x000000008bf00000| 42%| S|CS|TAMS 0x000000008be00000, 0x000000008be00000| Complete 
| 109|0x000000008bf00000, 0x000000008c000000, 0x000000008c000000|100%| S|CS|TAMS 0x000000008bf00000, 0x000000008bf00000| Complete 
| 110|0x000000008c000000, 0x000000008c100000, 0x000000008c100000|100%| E|CS|TAMS 0x000000008c000000, 0x000000008c000000| Complete 
| 111|0x000000008c100000, 0x000000008c200000, 0x000000008c200000|100%| E|CS|TAMS 0x000000008c100000, 0x000000008c100000| Complete 
| 112|0x000000008c200000, 0x000000008c300000, 0x000000008c300000|100%| E|CS|TAMS 0x000000008c200000, 0x000000008c200000| Complete 
| 113|0x000000008c300000, 0x000000008c400000, 0x000000008c400000|100%| E|CS|TAMS 0x000000008c300000, 0x000000008c300000| Complete 
| 114|0x000000008c400000, 0x000000008c500000, 0x000000008c500000|100%| E|CS|TAMS 0x000000008c400000, 0x000000008c400000| Complete 
| 115|0x000000008c500000, 0x000000008c600000, 0x000000008c600000|100%| E|CS|TAMS 0x000000008c500000, 0x000000008c500000| Complete 
| 116|0x000000008c600000, 0x000000008c700000, 0x000000008c700000|100%| E|CS|TAMS 0x000000008c600000, 0x000000008c600000| Complete 
| 117|0x000000008c700000, 0x000000008c800000, 0x000000008c800000|100%| E|CS|TAMS 0x000000008c700000, 0x000000008c700000| Complete 
| 118|0x000000008c800000, 0x000000008c900000, 0x000000008c900000|100%| E|CS|TAMS 0x000000008c800000, 0x000000008c800000| Complete 
| 119|0x000000008c900000, 0x000000008ca00000, 0x000000008ca00000|100%| E|CS|TAMS 0x000000008c900000, 0x000000008c900000| Complete 
| 120|0x000000008ca00000, 0x000000008cb00000, 0x000000008cb00000|100%| E|CS|TAMS 0x000000008ca00000, 0x000000008ca00000| Complete 
| 121|0x000000008cb00000, 0x000000008cc00000, 0x000000008cc00000|100%| E|CS|TAMS 0x000000008cb00000, 0x000000008cb00000| Complete 
| 122|0x000000008cc00000, 0x000000008cd00000, 0x000000008cd00000|100%| E|CS|TAMS 0x000000008cc00000, 0x000000008cc00000| Complete 
| 123|0x000000008cd00000, 0x000000008ce00000, 0x000000008ce00000|100%| E|CS|TAMS 0x000000008cd00000, 0x000000008cd00000| Complete 
|1964|0x00000000ffe00000, 0x00000000ffe34000, 0x00000000fff00000| 20%|OA|  |TAMS 0x00000000ffe00000, 0x00000000ffe00000| Untracked 
|1965|0x00000000fff00000, 0x00000000fff6a000, 0x0000000100000000| 41%|CA|  |TAMS 0x00000000fff00000, 0x00000000fff00000| Untracked 

Card table byte_map: [0x00007f6d004be000,0x00007f6d00895000] _byte_map_base: 0x00007f6d00095000

Marking Bits (Prev, Next): (CMBitMap*) 0x00007f6cfc0531c8, (CMBitMap*) 0x00007f6cfc053200
 Prev Bits: [0x00007f6cde148000, 0x00007f6ce0000000)
 Next Bits: [0x00007f6cdc290000, 0x00007f6cde148000)

Polling page: 0x00007f6d055dc000

Metaspace:

Usage:
  Non-class:      5.47 MB capacity,     3.56 MB ( 65%) used,     1.89 MB ( 35%) free+waste,    12.19 KB ( <1%) overhead. 
      Class:    650.00 KB capacity,   465.38 KB ( 72%) used,   178.12 KB ( 27%) free+waste,     6.50 KB (  1%) overhead. 
       Both:      6.10 MB capacity,     4.02 MB ( 66%) used,     2.07 MB ( 34%) free+waste,    18.69 KB ( <1%) overhead. 

Virtual space:
  Non-class space:        8.00 MB reserved,       5.50 MB ( 69%) committed 
      Class space:        1.00 GB reserved,     768.00 KB ( <1%) committed 
             Both:        1.01 GB reserved,       6.25 MB ( <1%) committed 

Chunk freelists:
   Non-Class:  34.00 KB
       Class:  0 bytes
        Both:  34.00 KB

CodeHeap 'non-profiled nmethods': size=120032Kb used=361Kb max_used=361Kb free=119670Kb
 bounds [0x00007f6cec41e000, 0x00007f6cec68e000, 0x00007f6cf3956000]
CodeHeap 'profiled nmethods': size=120032Kb used=1551Kb max_used=1551Kb free=118480Kb
 bounds [0x00007f6ce4ee6000, 0x00007f6ce5156000, 0x00007f6cec41e000]
CodeHeap 'non-nmethods': size=5696Kb used=1164Kb max_used=1196Kb free=4531Kb
 bounds [0x00007f6ce4956000, 0x00007f6ce4bc6000, 0x00007f6ce4ee6000]
 total_blobs=1490 nmethods=807 adapters=333
 compilation: enabled
              stopped_count=0, restarted_count=0
 full_count=0

Compilation events (10 events):
Event: 29.214 Thread 0x00007f6cfc17b800 nmethod 858% 0x00007f6cec475590 code [0x00007f6cec4757c0, 0x00007f6cec475f90]
Event: 29.215 Thread 0x00007f6cfc17b800  841       4       org.apache.commons.logging.impl.WeakHashtable::get (16 bytes)
Event: 29.215 Thread 0x00007f6cac32f800 nmethod 822 0x00007f6cec476510 code [0x00007f6cec476700, 0x00007f6cec476968]
Event: 29.215 Thread 0x00007f6cac32f800  848       4       org.apache.commons.logging.LogFactory$1::run (4 bytes)
Event: 29.216 Thread 0x00007f6cfc17b800 nmethod 841 0x00007f6cec476c90 code [0x00007f6cec476e40, 0x00007f6cec476f78]
Event: 29.216 Thread 0x00007f6cfc17b800  811       4       org.apache.commons.beanutils.converters.AbstractConverter::setDefaultValue (76 bytes)
Event: 29.216 Thread 0x00007f6cac32f800 nmethod 848 0x00007f6cec477090 code [0x00007f6cec477220, 0x00007f6cec4772f8]
Event: 29.216 Thread 0x00007f6cac32f800  847       4       java.util.WeakHashMap::hash (28 bytes)
Event: 29.218 Thread 0x00007f6cac32f800 nmethod 847 0x00007f6cec477410 code [0x00007f6cec4775a0, 0x00007f6cec4776f8]
Event: 29.226 Thread 0x00007f6cfc17b800 nmethod 811 0x00007f6cec477810 code [0x00007f6cec477a00, 0x00007f6cec477fb0]

GC Heap History (2 events):
Event: 16.659 GC heap before
{Heap before GC invocations=0 (full 0):
 garbage-first heap   total 129024K, used 14968K [0x0000000085200000, 0x0000000100000000)
  region size 1024K, 14 young (14336K), 0 survivors (0K)
 Metaspace       used 3483K, capacity 5815K, committed 6016K, reserved 1056768K
  class space    used 407K, capacity 599K, committed 640K, reserved 1048576K
}
Event: 16.671 GC heap after
{Heap after GC invocations=1 (full 0):
 garbage-first heap   total 129024K, used 2092K [0x0000000085200000, 0x0000000100000000)
  region size 1024K, 2 young (2048K), 2 survivors (2048K)
 Metaspace       used 3483K, capacity 5815K, committed 6016K, reserved 1056768K
  class space    used 407K, capacity 599K, committed 640K, reserved 1048576K
}

Deoptimization events (10 events):
Event: 16.765 Thread 0x00007f6cfc3a7800 DEOPT PACKING pc=0x00007f6ce4fd5960 sp=0x00007f6c9b9e3900
Event: 16.765 Thread 0x00007f6cfc3a7800 DEOPT UNPACKING pc=0x00007f6ce498f03a sp=0x00007f6c9b9e2e20 mode 0
Event: 16.845 Thread 0x00007f6cfc3a7800 Uncommon trap: trap_request=0xffffff4d fr.pc=0x00007f6cec45672c relative=0x00000000000003cc
Event: 16.845 Thread 0x00007f6cfc3a7800 Uncommon trap: reason=unstable_if action=reinterpret pc=0x00007f6cec45672c method=com.opencsv.bean.concurrent.AccumulateCsvResults.run()V @ 40 c2
Event: 16.845 Thread 0x00007f6cfc3a7800 DEOPT PACKING pc=0x00007f6cec45672c sp=0x00007f6c9b9e3960
Event: 16.845 Thread 0x00007f6cfc3a7800 DEOPT UNPACKING pc=0x00007f6ce498f225 sp=0x00007f6c9b9e3928 mode 2
Event: 248.436 Thread 0x00007f6cfc1d6800 DEOPT PACKING pc=0x00007f6ce4f60b1c sp=0x00007f6cd47237d0
Event: 248.436 Thread 0x00007f6cfc1d6800 DEOPT UNPACKING pc=0x00007f6ce498f03a sp=0x00007f6cd4722ce0 mode 1
Event: 316.026 Thread 0x00007f6cfc1d6800 DEOPT PACKING pc=0x00007f6ce4f60b1c sp=0x00007f6cd47237d0
Event: 316.026 Thread 0x00007f6cfc1d6800 DEOPT UNPACKING pc=0x00007f6ce498f03a sp=0x00007f6cd4722ce0 mode 1

Classes redefined (2 events):
Event: 248.444 Thread 0x00007f6cfc16f000 redefined class name=censusanalyser.CensusLoader, count=1
Event: 316.032 Thread 0x00007f6cfc16f000 redefined class name=censusanalyser.CensusLoader, count=2

Internal exceptions (10 events):
Event: 16.387 Thread 0x00007f6cfc014800 Exception <a 'java/lang/ClassNotFoundException'{0x000000008c270740}: censusanalyser/IndiaCensusCSVBeanInfo> (0x000000008c270740) thrown at [/build/openjdk-lts-7bqZff/openjdk-lts-11.0.4+11/src/hotspot/share/classfile/systemDictionary.cpp, line 231]
Event: 16.387 Thread 0x00007f6cfc014800 Exception <a 'java/lang/ClassNotFoundException'{0x000000008c2714c8}: java/lang/ObjectBeanInfo> (0x000000008c2714c8) thrown at [/build/openjdk-lts-7bqZff/openjdk-lts-11.0.4+11/src/hotspot/share/classfile/systemDictionary.cpp, line 231]
Event: 16.460 Thread 0x00007f6cfc014800 Exception <a 'java/lang/ClassNotFoundException'{0x000000008c2b27c0}: java/lang/ObjectCustomizer> (0x000000008c2b27c0) thrown at [/build/openjdk-lts-7bqZff/openjdk-lts-11.0.4+11/src/hotspot/share/classfile/systemDictionary.cpp, line 231]
Event: 16.527 Thread 0x00007f6cfc014800 Exception <a 'java/lang/ClassNotFoundException'{0x000000008c10fef8}: censusanalyser/IndiaCensusCSVCustomizer> (0x000000008c10fef8) thrown at [/build/openjdk-lts-7bqZff/openjdk-lts-11.0.4+11/src/hotspot/share/classfile/systemDictionary.cpp, line 231]
Event: 16.683 Thread 0x00007f6cfc3a3000 Exception <a 'java/lang/NoClassDefFoundError'{0x000000008cd078e8}: org/apache/log4j/Priority> (0x000000008cd078e8) thrown at [/build/openjdk-lts-7bqZff/openjdk-lts-11.0.4+11/src/hotspot/share/classfile/systemDictionary.cpp, line 220]
Event: 16.687 Thread 0x00007f6cfc39f800 Exception <a 'java/lang/NoClassDefFoundError'{0x000000008cc82af8}: org/apache/log4j/Priority> (0x000000008cc82af8) thrown at [/build/openjdk-lts-7bqZff/openjdk-lts-11.0.4+11/src/hotspot/share/classfile/systemDictionary.cpp, line 220]
Event: 16.687 Thread 0x00007f6cfc3a4800 Exception <a 'java/lang/NoClassDefFoundError'{0x000000008cc147f8}: org/apache/log4j/Priority> (0x000000008cc147f8) thrown at [/build/openjdk-lts-7bqZff/openjdk-lts-11.0.4+11/src/hotspot/share/classfile/systemDictionary.cpp, line 220]
Event: 16.688 Thread 0x00007f6cfc3a1000 Exception <a 'java/lang/NoClassDefFoundError'{0x000000008cd95b20}: org/apache/log4j/Priority> (0x000000008cd95b20) thrown at [/build/openjdk-lts-7bqZff/openjdk-lts-11.0.4+11/src/hotspot/share/classfile/systemDictionary.cpp, line 220]
Event: 29.080 Thread 0x00007f6cfc014800 Exception <a 'java/lang/ClassNotFoundException'{0x000000008b320208}: censusanalyser/CSVStatesBeanInfo> (0x000000008b320208) thrown at [/build/openjdk-lts-7bqZff/openjdk-lts-11.0.4+11/src/hotspot/share/classfile/systemDictionary.cpp, line 231]
Event: 29.085 Thread 0x00007f6cfc014800 Exception <a 'java/lang/ClassNotFoundException'{0x000000008b324240}: censusanalyser/CSVStatesCustomizer> (0x000000008b324240) thrown at [/build/openjdk-lts-7bqZff/openjdk-lts-11.0.4+11/src/hotspot/share/classfile/systemDictionary.cpp, line 231]

Events (10 events):
Event: 316.646 Executing VM operation: GetStackTrace done
Event: 316.647 Executing VM operation: GetFrameLocation
Event: 316.647 Executing VM operation: GetFrameLocation done
Event: 316.647 Executing VM operation: GetOrSetLocal
Event: 316.647 Executing VM operation: GetOrSetLocal done
Event: 316.653 Executing VM operation: GetFrameCount
Event: 316.654 Executing VM operation: GetFrameCount done
Event: 316.654 Executing VM operation: GetStackTrace
Event: 316.654 Executing VM operation: GetStackTrace done
Event: 316.658 Executing VM operation: GetOrSetLocal


Dynamic libraries:
85200000-8ce00000 rw-p 00000000 00:00 0 
8ce00000-ffe00000 ---p 00000000 00:00 0 
ffe00000-ffe34000 rw-p 01116000 08:02 8524811                            /usr/lib/jvm/java-11-openjdk-amd64/lib/server/classes.jsa
ffe34000-fff00000 rw-p 00000000 00:00 0 
fff00000-fff6a000 rw-p 010ac000 08:02 8524811                            /usr/lib/jvm/java-11-openjdk-amd64/lib/server/classes.jsa
fff6a000-100000000 rw-p 00000000 00:00 0 
800000000-800002000 rwxp 00001000 08:02 8524811                          /usr/lib/jvm/java-11-openjdk-amd64/lib/server/classes.jsa
800002000-8010ab000 rw-p 00003000 08:02 8524811                          /usr/lib/jvm/java-11-openjdk-amd64/lib/server/classes.jsa
840000000-8400c0000 rw-p 00000000 00:00 0 
8400c0000-880000000 ---p 00000000 00:00 0 
56444fcf1000-56444fcf2000 r-xp 00000000 08:02 8126507                    /usr/lib/jvm/java-11-openjdk-amd64/bin/java
56444fef2000-56444fef3000 r--p 00001000 08:02 8126507                    /usr/lib/jvm/java-11-openjdk-amd64/bin/java
56444fef3000-56444fef4000 rw-p 00002000 08:02 8126507                    /usr/lib/jvm/java-11-openjdk-amd64/bin/java
5644514a0000-5644514c1000 rw-p 00000000 00:00 0                          [heap]
7f6c6c000000-7f6c6c021000 rw-p 00000000 00:00 0 
7f6c6c021000-7f6c70000000 ---p 00000000 00:00 0 
7f6c70000000-7f6c70299000 rw-p 00000000 00:00 0 
7f6c70299000-7f6c74000000 ---p 00000000 00:00 0 
7f6c74000000-7f6c74021000 rw-p 00000000 00:00 0 
7f6c74021000-7f6c78000000 ---p 00000000 00:00 0 
7f6c78000000-7f6c78021000 rw-p 00000000 00:00 0 
7f6c78021000-7f6c7c000000 ---p 00000000 00:00 0 
7f6c7c000000-7f6c7c185000 rw-p 00000000 00:00 0 
7f6c7c185000-7f6c80000000 ---p 00000000 00:00 0 
7f6c80000000-7f6c80021000 rw-p 00000000 00:00 0 
7f6c80021000-7f6c84000000 ---p 00000000 00:00 0 
7f6c84000000-7f6c84046000 rw-p 00000000 00:00 0 
7f6c84046000-7f6c88000000 ---p 00000000 00:00 0 
7f6c88000000-7f6c88021000 rw-p 00000000 00:00 0 
7f6c88021000-7f6c8c000000 ---p 00000000 00:00 0 
7f6c8c000000-7f6c8c021000 rw-p 00000000 00:00 0 
7f6c8c021000-7f6c90000000 ---p 00000000 00:00 0 
7f6c90000000-7f6c90023000 rw-p 00000000 00:00 0 
7f6c90023000-7f6c94000000 ---p 00000000 00:00 0 
7f6c94000000-7f6c94021000 rw-p 00000000 00:00 0 
7f6c94021000-7f6c98000000 ---p 00000000 00:00 0 
7f6c9b4dd000-7f6c9b4e1000 ---p 00000000 00:00 0 
7f6c9b4e1000-7f6c9b5de000 rw-p 00000000 00:00 0 
7f6c9b5de000-7f6c9b5df000 ---p 00000000 00:00 0 
7f6c9b5df000-7f6c9b6e0000 rw-p 00000000 00:00 0 
7f6c9b6e0000-7f6c9b6e1000 ---p 00000000 00:00 0 
7f6c9b6e1000-7f6c9b7e2000 rw-p 00000000 00:00 0 
7f6c9b7e2000-7f6c9b7e3000 ---p 00000000 00:00 0 
7f6c9b7e3000-7f6c9b8e4000 rw-p 00000000 00:00 0 
7f6c9b8e4000-7f6c9b8e8000 ---p 00000000 00:00 0 
7f6c9b8e8000-7f6c9b9e5000 rw-p 00000000 00:00 0 
7f6c9b9e5000-7f6c9b9e9000 ---p 00000000 00:00 0 
7f6c9b9e9000-7f6c9bae6000 rw-p 00000000 00:00 0 
7f6c9bae6000-7f6c9baea000 ---p 00000000 00:00 0 
7f6c9baea000-7f6c9bbe7000 rw-p 00000000 00:00 0 
7f6c9bbe7000-7f6c9bbeb000 ---p 00000000 00:00 0 
7f6c9bbeb000-7f6c9bce8000 rw-p 00000000 00:00 0 
7f6c9bce8000-7f6c9bcec000 ---p 00000000 00:00 0 
7f6c9bcec000-7f6c9bde9000 rw-p 00000000 00:00 0 
7f6c9bde9000-7f6c9bdff000 r-xp 00000000 08:02 8523236                    /usr/lib/jvm/java-11-openjdk-amd64/lib/libnet.so
7f6c9bdff000-7f6c9bffe000 ---p 00016000 08:02 8523236                    /usr/lib/jvm/java-11-openjdk-amd64/lib/libnet.so
7f6c9bffe000-7f6c9bfff000 r--p 00015000 08:02 8523236                    /usr/lib/jvm/java-11-openjdk-amd64/lib/libnet.so
7f6c9bfff000-7f6c9c000000 rw-p 00016000 08:02 8523236                    /usr/lib/jvm/java-11-openjdk-amd64/lib/libnet.so
7f6c9c000000-7f6c9c02e000 rw-p 00000000 00:00 0 
7f6c9c02e000-7f6ca0000000 ---p 00000000 00:00 0 
7f6ca0000000-7f6ca0021000 rw-p 00000000 00:00 0 
7f6ca0021000-7f6ca4000000 ---p 00000000 00:00 0 
7f6ca4000000-7f6ca4021000 rw-p 00000000 00:00 0 
7f6ca4021000-7f6ca8000000 ---p 00000000 00:00 0 
7f6ca8000000-7f6ca8030000 rw-p 00000000 00:00 0 
7f6ca8030000-7f6cac000000 ---p 00000000 00:00 0 
7f6cac000000-7f6cac39c000 rw-p 00000000 00:00 0 
7f6cac39c000-7f6cb0000000 ---p 00000000 00:00 0 
7f6cb0000000-7f6cb0021000 rw-p 00000000 00:00 0 
7f6cb0021000-7f6cb4000000 ---p 00000000 00:00 0 
7f6cb4000000-7f6cb4021000 rw-p 00000000 00:00 0 
7f6cb4021000-7f6cb8000000 ---p 00000000 00:00 0 
7f6cb8000000-7f6cb8383000 rw-p 00000000 00:00 0 
7f6cb8383000-7f6cbc000000 ---p 00000000 00:00 0 
7f6cbc000000-7f6cbc021000 rw-p 00000000 00:00 0 
7f6cbc021000-7f6cc0000000 ---p 00000000 00:00 0 
7f6cc0000000-7f6cc0021000 rw-p 00000000 00:00 0 
7f6cc0021000-7f6cc4000000 ---p 00000000 00:00 0 
7f6cc4000000-7f6cc4021000 rw-p 00000000 00:00 0 
7f6cc4021000-7f6cc8000000 ---p 00000000 00:00 0 
7f6cc8000000-7f6cc8050000 rw-p 00000000 00:00 0 
7f6cc8050000-7f6ccc000000 ---p 00000000 00:00 0 
7f6ccc000000-7f6ccc021000 rw-p 00000000 00:00 0 
7f6ccc021000-7f6cd0000000 ---p 00000000 00:00 0 
7f6cd0000000-7f6cd0021000 rw-p 00000000 00:00 0 
7f6cd0021000-7f6cd4000000 ---p 00000000 00:00 0 
7f6cd400f000-7f6cd4010000 ---p 00000000 00:00 0 
7f6cd4010000-7f6cd4111000 rw-p 00000000 00:00 0 
7f6cd4111000-7f6cd4115000 ---p 00000000 00:00 0 
7f6cd4115000-7f6cd4212000 rw-p 00000000 00:00 0 
7f6cd4212000-7f6cd4222000 r-xp 00000000 08:02 8523241                    /usr/lib/jvm/java-11-openjdk-amd64/lib/libnio.so
7f6cd4222000-7f6cd4421000 ---p 00010000 08:02 8523241                    /usr/lib/jvm/java-11-openjdk-amd64/lib/libnio.so
7f6cd4421000-7f6cd4422000 r--p 0000f000 08:02 8523241                    /usr/lib/jvm/java-11-openjdk-amd64/lib/libnio.so
7f6cd4422000-7f6cd4423000 rw-p 00010000 08:02 8523241                    /usr/lib/jvm/java-11-openjdk-amd64/lib/libnio.so
7f6cd4423000-7f6cd4427000 ---p 00000000 00:00 0 
7f6cd4427000-7f6cd4524000 rw-p 00000000 00:00 0 
7f6cd4524000-7f6cd4528000 ---p 00000000 00:00 0 
7f6cd4528000-7f6cd4625000 rw-p 00000000 00:00 0 
7f6cd4625000-7f6cd4629000 ---p 00000000 00:00 0 
7f6cd4629000-7f6cd4726000 rw-p 00000000 00:00 0 
7f6cd4726000-7f6cd472a000 r-xp 00000000 08:02 8521930                    /usr/lib/jvm/java-11-openjdk-amd64/lib/libdt_socket.so
7f6cd472a000-7f6cd492a000 ---p 00004000 08:02 8521930                    /usr/lib/jvm/java-11-openjdk-amd64/lib/libdt_socket.so
7f6cd492a000-7f6cd492b000 r--p 00004000 08:02 8521930                    /usr/lib/jvm/java-11-openjdk-amd64/lib/libdt_socket.so
7f6cd492b000-7f6cd492c000 rw-p 00005000 08:02 8521930                    /usr/lib/jvm/java-11-openjdk-amd64/lib/libdt_socket.so
7f6cd492c000-7f6cd4930000 ---p 00000000 00:00 0 
7f6cd4930000-7f6cd4a2d000 rw-p 00000000 00:00 0 
7f6cd4a2d000-7f6cd4a31000 ---p 00000000 00:00 0 
7f6cd4a31000-7f6cd4b2e000 rw-p 00000000 00:00 0 
7f6cd4b2e000-7f6cd4b32000 ---p 00000000 00:00 0 
7f6cd4b32000-7f6cd4c2f000 rw-p 00000000 00:00 0 
7f6cd4c2f000-7f6cd4c33000 ---p 00000000 00:00 0 
7f6cd4c33000-7f6cd4d30000 rw-p 00000000 00:00 0 
7f6cd4d30000-7f6cd4d34000 ---p 00000000 00:00 0 
7f6cd4d34000-7f6cd4e31000 rw-p 00000000 00:00 0 
7f6cd4e31000-7f6cd5800000 r--p 00000000 08:02 8002158                    /usr/lib/locale/locale-archive
7f6cd5800000-7f6cd5d80000 rw-p 00000000 00:00 0 
7f6cd5d80000-7f6cd6000000 ---p 00000000 00:00 0 
7f6cd6000000-7f6cd8000000 rw-p 00000000 00:00 0 
7f6cd8000000-7f6cd8021000 rw-p 00000000 00:00 0 
7f6cd8021000-7f6cdc000000 ---p 00000000 00:00 0 
7f6cdc08e000-7f6cdc092000 ---p 00000000 00:00 0 
7f6cdc092000-7f6cdc18f000 rw-p 00000000 00:00 0 
7f6cdc18f000-7f6cdc193000 ---p 00000000 00:00 0 
7f6cdc193000-7f6cdc480000 rw-p 00000000 00:00 0 
7f6cdc480000-7f6cde140000 ---p 00000000 00:00 0 
7f6cde140000-7f6cde338000 rw-p 00000000 00:00 0 
7f6cde338000-7f6cdfff8000 ---p 00000000 00:00 0 
7f6cdfff8000-7f6ce0000000 rw-p 00000000 00:00 0 
7f6ce0000000-7f6ce0021000 rw-p 00000000 00:00 0 
7f6ce0021000-7f6ce4000000 ---p 00000000 00:00 0 
7f6ce4048000-7f6ce4049000 ---p 00000000 00:00 0 
7f6ce4049000-7f6ce414a000 rw-p 00000000 00:00 0 
7f6ce414a000-7f6ce414b000 ---p 00000000 00:00 0 
7f6ce414b000-7f6ce424c000 rw-p 00000000 00:00 0 
7f6ce424c000-7f6ce424d000 ---p 00000000 00:00 0 
7f6ce424d000-7f6ce4752000 rw-p 00000000 00:00 0 
7f6ce4752000-7f6ce4753000 ---p 00000000 00:00 0 
7f6ce4753000-7f6ce4854000 rw-p 00000000 00:00 0 
7f6ce4854000-7f6ce4855000 ---p 00000000 00:00 0 
7f6ce4855000-7f6ce4956000 rw-p 00000000 00:00 0 
7f6ce4956000-7f6ce4bc6000 rwxp 00000000 00:00 0 
7f6ce4bc6000-7f6ce4ee6000 ---p 00000000 00:00 0 
7f6ce4ee6000-7f6ce5156000 rwxp 00000000 00:00 0 
7f6ce5156000-7f6cec41e000 ---p 00000000 00:00 0 
7f6cec41e000-7f6cec68e000 rwxp 00000000 00:00 0 
7f6cec68e000-7f6cf3956000 ---p 00000000 00:00 0 
7f6cf3956000-7f6cfc000000 r--s 00000000 08:02 8523318                    /usr/lib/jvm/java-11-openjdk-amd64/lib/modules
7f6cfc000000-7f6cfc3f8000 rw-p 00000000 00:00 0 
7f6cfc3f8000-7f6d00000000 ---p 00000000 00:00 0 
7f6d00066000-7f6d00125000 rw-p 00000000 00:00 0 
7f6d00125000-7f6d004bd000 ---p 00000000 00:00 0 
7f6d004bd000-7f6d004fc000 rw-p 00000000 00:00 0 
7f6d004fc000-7f6d00894000 ---p 00000000 00:00 0 
7f6d00894000-7f6d008d3000 rw-p 00000000 00:00 0 
7f6d008d3000-7f6d00c6b000 ---p 00000000 00:00 0 
7f6d00c6b000-7f6d01070000 rw-p 00000000 00:00 0 
7f6d01070000-7f6d01071000 ---p 00000000 00:00 0 
7f6d01071000-7f6d01177000 rw-p 00000000 00:00 0 
7f6d01177000-7f6d0125d000 ---p 00000000 00:00 0 
7f6d0125d000-7f6d01262000 rw-p 00000000 00:00 0 
7f6d01262000-7f6d01348000 ---p 00000000 00:00 0 
7f6d01348000-7f6d0134d000 r-xp 00000000 08:02 8522263                    /usr/lib/jvm/java-11-openjdk-amd64/lib/libjimage.so
7f6d0134d000-7f6d0154c000 ---p 00005000 08:02 8522263                    /usr/lib/jvm/java-11-openjdk-amd64/lib/libjimage.so
7f6d0154c000-7f6d0154d000 r--p 00004000 08:02 8522263                    /usr/lib/jvm/java-11-openjdk-amd64/lib/libjimage.so
7f6d0154d000-7f6d0154e000 rw-p 00005000 08:02 8522263                    /usr/lib/jvm/java-11-openjdk-amd64/lib/libjimage.so
7f6d0154e000-7f6d01555000 r-xp 00000000 08:02 8523317                    /usr/lib/jvm/java-11-openjdk-amd64/lib/libzip.so
7f6d01555000-7f6d01754000 ---p 00007000 08:02 8523317                    /usr/lib/jvm/java-11-openjdk-amd64/lib/libzip.so
7f6d01754000-7f6d01755000 r--p 00006000 08:02 8523317                    /usr/lib/jvm/java-11-openjdk-amd64/lib/libzip.so
7f6d01755000-7f6d01756000 rw-p 00007000 08:02 8523317                    /usr/lib/jvm/java-11-openjdk-amd64/lib/libzip.so
7f6d01756000-7f6d01761000 r-xp 00000000 08:02 14947050                   /lib/x86_64-linux-gnu/libnss_files-2.27.so
7f6d01761000-7f6d01960000 ---p 0000b000 08:02 14947050                   /lib/x86_64-linux-gnu/libnss_files-2.27.so
7f6d01960000-7f6d01961000 r--p 0000a000 08:02 14947050                   /lib/x86_64-linux-gnu/libnss_files-2.27.so
7f6d01961000-7f6d01962000 rw-p 0000b000 08:02 14947050                   /lib/x86_64-linux-gnu/libnss_files-2.27.so
7f6d01962000-7f6d01968000 rw-p 00000000 00:00 0 
7f6d01968000-7f6d0197f000 r-xp 00000000 08:02 14947044                   /lib/x86_64-linux-gnu/libnsl-2.27.so
7f6d0197f000-7f6d01b7e000 ---p 00017000 08:02 14947044                   /lib/x86_64-linux-gnu/libnsl-2.27.so
7f6d01b7e000-7f6d01b7f000 r--p 00016000 08:02 14947044                   /lib/x86_64-linux-gnu/libnsl-2.27.so
7f6d01b7f000-7f6d01b80000 rw-p 00017000 08:02 14947044                   /lib/x86_64-linux-gnu/libnsl-2.27.so
7f6d01b80000-7f6d01b82000 rw-p 00000000 00:00 0 
7f6d01b82000-7f6d01b8d000 r-xp 00000000 08:02 14947061                   /lib/x86_64-linux-gnu/libnss_nis-2.27.so
7f6d01b8d000-7f6d01d8c000 ---p 0000b000 08:02 14947061                   /lib/x86_64-linux-gnu/libnss_nis-2.27.so
7f6d01d8c000-7f6d01d8d000 r--p 0000a000 08:02 14947061                   /lib/x86_64-linux-gnu/libnss_nis-2.27.so
7f6d01d8d000-7f6d01d8e000 rw-p 0000b000 08:02 14947061                   /lib/x86_64-linux-gnu/libnss_nis-2.27.so
7f6d01d8e000-7f6d01d96000 r-xp 00000000 08:02 14947046                   /lib/x86_64-linux-gnu/libnss_compat-2.27.so
7f6d01d96000-7f6d01f96000 ---p 00008000 08:02 14947046                   /lib/x86_64-linux-gnu/libnss_compat-2.27.so
7f6d01f96000-7f6d01f97000 r--p 00008000 08:02 14947046                   /lib/x86_64-linux-gnu/libnss_compat-2.27.so
7f6d01f97000-7f6d01f98000 rw-p 00009000 08:02 14947046                   /lib/x86_64-linux-gnu/libnss_compat-2.27.so
7f6d01f98000-7f6d01fa2000 r-xp 00000000 08:02 8521933                    /usr/lib/jvm/java-11-openjdk-amd64/lib/libinstrument.so
7f6d01fa2000-7f6d021a1000 ---p 0000a000 08:02 8521933                    /usr/lib/jvm/java-11-openjdk-amd64/lib/libinstrument.so
7f6d021a1000-7f6d021a2000 r--p 00009000 08:02 8521933                    /usr/lib/jvm/java-11-openjdk-amd64/lib/libinstrument.so
7f6d021a2000-7f6d021a3000 rw-p 0000a000 08:02 8521933                    /usr/lib/jvm/java-11-openjdk-amd64/lib/libinstrument.so
7f6d021a3000-7f6d021de000 r-xp 00000000 08:02 8522262                    /usr/lib/jvm/java-11-openjdk-amd64/lib/libjdwp.so
7f6d021de000-7f6d023dd000 ---p 0003b000 08:02 8522262                    /usr/lib/jvm/java-11-openjdk-amd64/lib/libjdwp.so
7f6d023dd000-7f6d023de000 r--p 0003a000 08:02 8522262                    /usr/lib/jvm/java-11-openjdk-amd64/lib/libjdwp.so
7f6d023de000-7f6d023df000 rw-p 0003b000 08:02 8522262                    /usr/lib/jvm/java-11-openjdk-amd64/lib/libjdwp.so
7f6d023df000-7f6d02408000 r-xp 00000000 08:02 8521949                    /usr/lib/jvm/java-11-openjdk-amd64/lib/libjava.so
7f6d02408000-7f6d02607000 ---p 00029000 08:02 8521949                    /usr/lib/jvm/java-11-openjdk-amd64/lib/libjava.so
7f6d02607000-7f6d02608000 r--p 00028000 08:02 8521949                    /usr/lib/jvm/java-11-openjdk-amd64/lib/libjava.so
7f6d02608000-7f6d0260a000 rw-p 00029000 08:02 8521949                    /usr/lib/jvm/java-11-openjdk-amd64/lib/libjava.so
7f6d0260a000-7f6d02617000 r-xp 00000000 08:02 8523315                    /usr/lib/jvm/java-11-openjdk-amd64/lib/libverify.so
7f6d02617000-7f6d02816000 ---p 0000d000 08:02 8523315                    /usr/lib/jvm/java-11-openjdk-amd64/lib/libverify.so
7f6d02816000-7f6d02818000 r--p 0000c000 08:02 8523315                    /usr/lib/jvm/java-11-openjdk-amd64/lib/libverify.so
7f6d02818000-7f6d02819000 rw-p 0000e000 08:02 8523315                    /usr/lib/jvm/java-11-openjdk-amd64/lib/libverify.so
7f6d02819000-7f6d02820000 r-xp 00000000 08:02 14947101                   /lib/x86_64-linux-gnu/librt-2.27.so
7f6d02820000-7f6d02a1f000 ---p 00007000 08:02 14947101                   /lib/x86_64-linux-gnu/librt-2.27.so
7f6d02a1f000-7f6d02a20000 r--p 00006000 08:02 14947101                   /lib/x86_64-linux-gnu/librt-2.27.so
7f6d02a20000-7f6d02a21000 rw-p 00007000 08:02 14947101                   /lib/x86_64-linux-gnu/librt-2.27.so
7f6d02a21000-7f6d02a38000 r-xp 00000000 08:02 14942455                   /lib/x86_64-linux-gnu/libgcc_s.so.1
7f6d02a38000-7f6d02c37000 ---p 00017000 08:02 14942455                   /lib/x86_64-linux-gnu/libgcc_s.so.1
7f6d02c37000-7f6d02c38000 r--p 00016000 08:02 14942455                   /lib/x86_64-linux-gnu/libgcc_s.so.1
7f6d02c38000-7f6d02c39000 rw-p 00017000 08:02 14942455                   /lib/x86_64-linux-gnu/libgcc_s.so.1
7f6d02c39000-7f6d02dd6000 r-xp 00000000 08:02 14947023                   /lib/x86_64-linux-gnu/libm-2.27.so
7f6d02dd6000-7f6d02fd5000 ---p 0019d000 08:02 14947023                   /lib/x86_64-linux-gnu/libm-2.27.so
7f6d02fd5000-7f6d02fd6000 r--p 0019c000 08:02 14947023                   /lib/x86_64-linux-gnu/libm-2.27.so
7f6d02fd6000-7f6d02fd7000 rw-p 0019d000 08:02 14947023                   /lib/x86_64-linux-gnu/libm-2.27.so
7f6d02fd7000-7f6d03150000 r-xp 00000000 08:02 7995572                    /usr/lib/x86_64-linux-gnu/libstdc++.so.6.0.25
7f6d03150000-7f6d03350000 ---p 00179000 08:02 7995572                    /usr/lib/x86_64-linux-gnu/libstdc++.so.6.0.25
7f6d03350000-7f6d0335a000 r--p 00179000 08:02 7995572                    /usr/lib/x86_64-linux-gnu/libstdc++.so.6.0.25
7f6d0335a000-7f6d0335c000 rw-p 00183000 08:02 7995572                    /usr/lib/x86_64-linux-gnu/libstdc++.so.6.0.25
7f6d0335c000-7f6d03360000 rw-p 00000000 00:00 0 
7f6d03360000-7f6d0442c000 r-xp 00000000 08:02 8523325                    /usr/lib/jvm/java-11-openjdk-amd64/lib/server/libjvm.so
7f6d0442c000-7f6d0462b000 ---p 010cc000 08:02 8523325                    /usr/lib/jvm/java-11-openjdk-amd64/lib/server/libjvm.so
7f6d0462b000-7f6d046e8000 r--p 010cb000 08:02 8523325                    /usr/lib/jvm/java-11-openjdk-amd64/lib/server/libjvm.so
7f6d046e8000-7f6d04721000 rw-p 01188000 08:02 8523325                    /usr/lib/jvm/java-11-openjdk-amd64/lib/server/libjvm.so
7f6d04721000-7f6d04777000 rw-p 00000000 00:00 0 
7f6d04777000-7f6d04791000 r-xp 00000000 08:02 14947093                   /lib/x86_64-linux-gnu/libpthread-2.27.so
7f6d04791000-7f6d04990000 ---p 0001a000 08:02 14947093                   /lib/x86_64-linux-gnu/libpthread-2.27.so
7f6d04990000-7f6d04991000 r--p 00019000 08:02 14947093                   /lib/x86_64-linux-gnu/libpthread-2.27.so
7f6d04991000-7f6d04992000 rw-p 0001a000 08:02 14947093                   /lib/x86_64-linux-gnu/libpthread-2.27.so
7f6d04992000-7f6d04996000 rw-p 00000000 00:00 0 
7f6d04996000-7f6d04999000 r-xp 00000000 08:02 14946983                   /lib/x86_64-linux-gnu/libdl-2.27.so
7f6d04999000-7f6d04b98000 ---p 00003000 08:02 14946983                   /lib/x86_64-linux-gnu/libdl-2.27.so
7f6d04b98000-7f6d04b99000 r--p 00002000 08:02 14946983                   /lib/x86_64-linux-gnu/libdl-2.27.so
7f6d04b99000-7f6d04b9a000 rw-p 00003000 08:02 14946983                   /lib/x86_64-linux-gnu/libdl-2.27.so
7f6d04b9a000-7f6d04bb6000 r-xp 00000000 08:02 14947132                   /lib/x86_64-linux-gnu/libz.so.1.2.11
7f6d04bb6000-7f6d04db5000 ---p 0001c000 08:02 14947132                   /lib/x86_64-linux-gnu/libz.so.1.2.11
7f6d04db5000-7f6d04db6000 r--p 0001b000 08:02 14947132                   /lib/x86_64-linux-gnu/libz.so.1.2.11
7f6d04db6000-7f6d04db7000 rw-p 0001c000 08:02 14947132                   /lib/x86_64-linux-gnu/libz.so.1.2.11
7f6d04db7000-7f6d04f9e000 r-xp 00000000 08:02 14946960                   /lib/x86_64-linux-gnu/libc-2.27.so
7f6d04f9e000-7f6d0519e000 ---p 001e7000 08:02 14946960                   /lib/x86_64-linux-gnu/libc-2.27.so
7f6d0519e000-7f6d051a2000 r--p 001e7000 08:02 14946960                   /lib/x86_64-linux-gnu/libc-2.27.so
7f6d051a2000-7f6d051a4000 rw-p 001eb000 08:02 14946960                   /lib/x86_64-linux-gnu/libc-2.27.so
7f6d051a4000-7f6d051a8000 rw-p 00000000 00:00 0 
7f6d051a8000-7f6d051b8000 r-xp 00000000 08:02 8521922                    /usr/lib/jvm/java-11-openjdk-amd64/lib/jli/libjli.so
7f6d051b8000-7f6d053b7000 ---p 00010000 08:02 8521922                    /usr/lib/jvm/java-11-openjdk-amd64/lib/jli/libjli.so
7f6d053b7000-7f6d053b8000 r--p 0000f000 08:02 8521922                    /usr/lib/jvm/java-11-openjdk-amd64/lib/jli/libjli.so
7f6d053b8000-7f6d053b9000 rw-p 00010000 08:02 8521922                    /usr/lib/jvm/java-11-openjdk-amd64/lib/jli/libjli.so
7f6d053b9000-7f6d053e0000 r-xp 00000000 08:02 14946932                   /lib/x86_64-linux-gnu/ld-2.27.so
7f6d0541d000-7f6d0541f000 r--s 00001000 08:02 17171970                   /home/admin1/idea-IC-191.7479.19/lib/rt/debugger-agent-storage.jar
7f6d0541f000-7f6d054c1000 rw-p 00000000 00:00 0 
7f6d054c1000-7f6d054c8000 ---p 00000000 00:00 0 
7f6d054c8000-7f6d054cc000 ---p 00000000 00:00 0 
7f6d054cc000-7f6d055cb000 rw-p 00000000 00:00 0 
7f6d055cb000-7f6d055d2000 r--s 00000000 08:02 8260846                    /usr/lib/x86_64-linux-gnu/gconv/gconv-modules.cache
7f6d055d2000-7f6d055d4000 r--s 00007000 08:02 8392917                    /usr/share/java/java-atk-wrapper.jar
7f6d055d4000-7f6d055dc000 rw-s 00000000 08:02 19661938                   /tmp/hsperfdata_admin1/11368
7f6d055dc000-7f6d055dd000 ---p 00000000 00:00 0 
7f6d055dd000-7f6d055de000 r--p 00000000 00:00 0 
7f6d055de000-7f6d055e0000 rw-p 00000000 00:00 0 
7f6d055e0000-7f6d055e1000 r--p 00027000 08:02 14946932                   /lib/x86_64-linux-gnu/ld-2.27.so
7f6d055e1000-7f6d055e2000 rw-p 00028000 08:02 14946932                   /lib/x86_64-linux-gnu/ld-2.27.so
7f6d055e2000-7f6d055e3000 rw-p 00000000 00:00 0 
7fff63d74000-7fff63d95000 rw-p 00000000 00:00 0                          [stack]
7fff63db0000-7fff63db3000 r--p 00000000 00:00 0                          [vvar]
7fff63db3000-7fff63db5000 r-xp 00000000 00:00 0                          [vdso]
ffffffffff600000-ffffffffff601000 r-xp 00000000 00:00 0                  [vsyscall]


VM Arguments:
jvm_args: -agentlib:jdwp=transport=dt_socket,address=127.0.0.1:44329,suspend=y,server=n -ea -Didea.test.cyclic.buffer.size=1048576 -javaagent:/home/admin1/idea-IC-191.7479.19/plugins/Groovy/lib/agent/gragent.jar -javaagent:/home/admin1/idea-IC-191.7479.19/lib/rt/debugger-agent.jar -Dfile.encoding=UTF-8 
java_command: com.intellij.rt.execution.junit.JUnitStarter -ideVersion5 -junit4 censusanalyser.CensusAnalyserTest,givenIndianCensusCSVFileReturnsCorrectRecords
java_class_path (initial): /home/admin1/idea-IC-191.7479.19/lib/idea_rt.jar:/home/admin1/idea-IC-191.7479.19/plugins/junit/lib/junit-rt.jar:/home/admin1/idea-IC-191.7479.19/plugins/junit/lib/junit5-rt.jar:/home/admin1/Desktop/CensusAnalyser/out/test/classes:/home/admin1/Desktop/CensusAnalyser/out/production/classes:/home/admin1/.gradle/caches/modules-2/files-2.1/com.google.code.gson/gson/2.2.4/a60a5e993c98c864010053cb901b7eab25306568/gson-2.2.4.jar:/home/admin1/Downloads/java-json.jar:/home/admin1/.gradle/caches/modules-2/files-2.1/com.opencsv/opencsv/4.0/2b63c820c41cd1666df42f1ba296da9894961e59/opencsv-4.0.jar:/home/admin1/.gradle/caches/modules-2/files-2.1/junit/junit/4.12/2973d150c0dc1fefe998f834810d68f278ea58ec/junit-4.12.jar:/home/admin1/.gradle/caches/modules-2/files-2.1/org.hamcrest/hamcrest-library/1.3/4785a3c21320980282f9f33d0d1264a69040538f/hamcrest-library-1.3.jar:/home/admin1/.gradle/caches/modules-2/files-2.1/org.apache.commons/commons-text/1.1/c336bf600f44b88af356c8a85eef4af822b06a4d/commons-text-1.1.jar:/home/admin1/.gradle/caches/modules-2/files-2.1/org.apache.commons/commons-lang3/3.6/9d28a6b23650e8a7e9063c04588ace6cf7012c17/commons-lang3-3.6.jar:/home/admin1/.gradle/caches/modules-2/files-2.1/commons-beanutils/commons-beanutils/1.9.3/c845703de334ddc6b4b3cd26835458cb1cba1f3d/commons-beanutils-1.9.3.jar:/home/admin1/.gradle/caches/modules-2/files-2.1/org.hamcrest/hamcrest-core/1.3/42a25dc3219429f0e5d060061f71acb49bf010a0/hamcrest-core-1.3.jar:/home/admin1/.gradle/caches/modules-2/files-2.1/commons-logging/commons-logging/1.2/4bfc12adfe4842bf07b657f0369c4cb522955686/commons-logging-1.2.jar:/home/admin1/.gradle/caches/modules-2/files-2.1/commons-collections/commons-collections/3.2.2/8ad72fe39fa8c91eaaf12aadb21e0c3661fe26d5/commons-collections-3.2.2.jar:/home/admin1/Desktop/CSVBuild/build/libs/CSVBuild-1.0-SNAPSHOT.jar
Launcher Type: SUN_STANDARD

[Global flags]
     intx CICompilerCount                          = 3                                         {product} {ergonomic}
     uint ConcGCThreads                            = 1                                         {product} {ergonomic}
     uint G1ConcRefinementThreads                  = 4                                         {product} {ergonomic}
   size_t G1HeapRegionSize                         = 1048576                                   {product} {ergonomic}
    uintx GCDrainStackTargetSize                   = 64                                        {product} {ergonomic}
   size_t InitialHeapSize                          = 130023424                                 {product} {ergonomic}
   size_t MarkStackSize                            = 4194304                                   {product} {ergonomic}
   size_t MaxHeapSize                              = 2061500416                                {product} {ergonomic}
   size_t MaxNewSize                               = 1236271104                                {product} {ergonomic}
   size_t MinHeapDeltaBytes                        = 1048576                                   {product} {ergonomic}
    uintx NonNMethodCodeHeapSize                   = 5830092                                {pd product} {ergonomic}
    uintx NonProfiledCodeHeapSize                  = 122914074                              {pd product} {ergonomic}
    uintx ProfiledCodeHeapSize                     = 122914074                              {pd product} {ergonomic}
    uintx ReservedCodeCacheSize                    = 251658240                              {pd product} {ergonomic}
     bool SegmentedCodeCache                       = true                                      {product} {ergonomic}
     bool UseCompressedClassPointers               = true                                 {lp64_product} {ergonomic}
     bool UseCompressedOops                        = true                                 {lp64_product} {ergonomic}
     bool UseG1GC                                  = true                                      {product} {ergonomic}

Logging:
Log output configuration:
 #0: stdout all=warning uptime,level,tags
 #1: stderr all=off uptime,level,tags

Environment Variables:
PATH=/usr/local/sbin:/usr/local/bin:/usr/sbin:/usr/bin:/sbin:/bin:/usr/games:/usr/local/games:/snap/bin
USERNAME=admin1
SHELL=/bin/bash
DISPLAY=:0

Signal Handlers:
SIGSEGV: [libjvm.so+0xde5f50], sa_mask[0]=11111111011111111101111111111110, sa_flags=SA_RESTART|SA_SIGINFO
SIGBUS: [libjvm.so+0xde5f50], sa_mask[0]=11111111011111111101111111111110, sa_flags=SA_RESTART|SA_SIGINFO
SIGFPE: [libjvm.so+0xde5f50], sa_mask[0]=11111111011111111101111111111110, sa_flags=SA_RESTART|SA_SIGINFO
SIGPIPE: [libjvm.so+0xbba5b0], sa_mask[0]=11111111011111111101111111111110, sa_flags=SA_RESTART|SA_SIGINFO
SIGXFSZ: [libjvm.so+0xbba5b0], sa_mask[0]=11111111011111111101111111111110, sa_flags=SA_RESTART|SA_SIGINFO
SIGILL: [libjvm.so+0xde5f50], sa_mask[0]=11111111011111111101111111111110, sa_flags=SA_RESTART|SA_SIGINFO
SIGUSR2: [libjvm.so+0xbba450], sa_mask[0]=00100000000000000000000000000000, sa_flags=SA_RESTART|SA_SIGINFO
SIGHUP: [libjvm.so+0xbba7b0], sa_mask[0]=11111111011111111101111111111110, sa_flags=SA_RESTART|SA_SIGINFO
SIGINT: [libjvm.so+0xbba7b0], sa_mask[0]=11111111011111111101111111111110, sa_flags=SA_RESTART|SA_SIGINFO
SIGTERM: [libjvm.so+0xbba7b0], sa_mask[0]=11111111011111111101111111111110, sa_flags=SA_RESTART|SA_SIGINFO
SIGQUIT: [libjvm.so+0xbba7b0], sa_mask[0]=11111111011111111101111111111110, sa_flags=SA_RESTART|SA_SIGINFO


---------------  S Y S T E M  ---------------

OS:DISTRIB_ID=Ubuntu
DISTRIB_RELEASE=18.04
DISTRIB_CODENAME=bionic
DISTRIB_DESCRIPTION="Ubuntu 18.04.1 LTS"
uname:Linux 4.15.0-72-generic #81-Ubuntu SMP Tue Nov 26 12:20:02 UTC 2019 x86_64
libc:glibc 2.27 NPTL 2.27 
rlimit: STACK 8192k, CORE 0k, NPROC 30842, NOFILE 1048576, AS infinity, DATA infinity, FSIZE infinity
load average:1.55 1.68 1.54

/proc/meminfo:
MemTotal:        8046432 kB
MemFree:          672516 kB
MemAvailable:    2277308 kB
Buffers:          180992 kB
Cached:          1930308 kB
SwapCached:            0 kB
Active:          5650368 kB
Inactive:        1358832 kB
Active(anon):    4899992 kB
Inactive(anon):   368272 kB
Active(file):     750376 kB
Inactive(file):   990560 kB
Unevictable:          16 kB
Mlocked:              16 kB
SwapTotal:       2097148 kB
SwapFree:        2097148 kB
Dirty:              7944 kB
Writeback:             0 kB
AnonPages:       4897904 kB
Mapped:           596396 kB
Shmem:            370368 kB
Slab:             226064 kB
SReclaimable:     168528 kB
SUnreclaim:        57536 kB
KernelStack:       16752 kB
PageTables:        61032 kB
NFS_Unstable:          0 kB
Bounce:                0 kB
WritebackTmp:          0 kB
CommitLimit:     6120364 kB
Committed_AS:    9360420 kB
VmallocTotal:   34359738367 kB
VmallocUsed:           0 kB
VmallocChunk:          0 kB
HardwareCorrupted:     0 kB
AnonHugePages:         0 kB
ShmemHugePages:        0 kB
ShmemPmdMapped:        0 kB
CmaTotal:              0 kB
CmaFree:               0 kB
HugePages_Total:       0
HugePages_Free:        0
HugePages_Rsvd:        0
HugePages_Surp:        0
Hugepagesize:       2048 kB
DirectMap4k:      189952 kB
DirectMap2M:     7028736 kB
DirectMap1G:     2097152 kB


/proc/sys/kernel/threads-max (system-wide limit on the number of threads):
61684


/proc/sys/vm/max_map_count (maximum number of memory map areas a process may have):
65530


/proc/sys/kernel/pid_max (system-wide limit on number of process identifiers):
32768



container (cgroup) information:
container_type: cgroupv1
cpu_cpuset_cpus: 0-3
cpu_memory_nodes: 0
active_processor_count: 4
cpu_quota: -1
cpu_period: 100000
cpu_shares: -1
memory_limit_in_bytes: -1
memory_and_swap_limit_in_bytes: -2
memory_soft_limit_in_bytes: -1
memory_usage_in_bytes: 7177793536
memory_max_usage_in_bytes: 0

Steal ticks since vm start: 0
Steal ticks percentage since vm start:  0.000

CPU:total 4 (initial active 4) (2 cores per cpu, 2 threads per core) family 6 model 69 stepping 1, cmov, cx8, fxsr, mmx, sse, sse2, sse3, ssse3, sse4.1, sse4.2, popcnt, avx, avx2, aes, clmul, erms, lzcnt, ht, tsc, tscinvbit, bmi1, bmi2, fma
CPU Model and flags from /proc/cpuinfo:
model name	: Intel(R) Core(TM) i5-4310U CPU @ 2.00GHz
flags		: fpu vme de pse tsc msr pae mce cx8 apic sep mtrr pge mca cmov pat pse36 clflush dts acpi mmx fxsr sse sse2 ss ht tm pbe syscall nx pdpe1gb rdtscp lm constant_tsc arch_perfmon pebs bts rep_good nopl xtopology nonstop_tsc cpuid aperfmperf pni pclmulqdq dtes64 monitor ds_cpl vmx smx est tm2 ssse3 sdbg fma cx16 xtpr pdcm pcid sse4_1 sse4_2 x2apic movbe popcnt tsc_deadline_timer aes xsave avx f16c rdrand lahf_lm abm cpuid_fault epb invpcid_single pti ssbd ibrs ibpb stibp tpr_shadow vnmi flexpriority ept vpid fsgsbase tsc_adjust bmi1 avx2 smep bmi2 erms invpcid xsaveopt dtherm ida arat pln pts md_clear flush_l1d

Memory: 4k page, physical 8046432k(672516k free), swap 2097148k(2097148k free)

vm_info: OpenJDK 64-Bit Server VM (11.0.4+11-post-Ubuntu-1ubuntu218.04.3) for linux-amd64 JRE (11.0.4+11-post-Ubuntu-1ubuntu218.04.3), built on Jul 18 2019 18:21:46 by "buildd" with gcc 7.4.0

END.
